<?xml version="1.0" encoding="UTF-8"?>
<testng-results skipped="0" failed="0" total="1" passed="1">
  <reporter-output>
  </reporter-output>
  <suite name="Surefire suite" duration-ms="47" started-at="2018-12-18T02:12:52Z" finished-at="2018-12-18T02:12:52Z">
    <groups>
    </groups>
    <test name="Surefire test" duration-ms="47" started-at="2018-12-18T02:12:52Z" finished-at="2018-12-18T02:12:52Z">
      <class name="com.buildframework.testcases.demoTest">
        <test-method status="PASS" signature="test1()[pri:0, instance:com.buildframework.testcases.demoTest@458ad742]" name="test1" duration-ms="31" started-at="2018-12-18T07:42:52Z" finished-at="2018-12-18T07:42:52Z">
          <reporter-output>
          </reporter-output>
        </test-method> <!-- test1 -->
      </class> <!-- com.buildframework.testcases.demoTest -->
    </test> <!-- Surefire test -->
  </suite> <!-- Surefire suite -->
</testng-results>
