<?xml version="1.0" encoding="UTF-8"?>
<testng-results skipped="0" failed="0" total="1" passed="1">
  <reporter-output>
  </reporter-output>
  <suite name="Default suite" duration-ms="33" started-at="2018-12-18T02:08:47Z" finished-at="2018-12-18T02:08:47Z">
    <groups>
    </groups>
    <test name="Default test" duration-ms="33" started-at="2018-12-18T02:08:47Z" finished-at="2018-12-18T02:08:47Z">
      <class name="com.buildframework.testcases.demoTest">
        <test-method status="PASS" signature="test1()[pri:0, instance:com.buildframework.testcases.demoTest@29ca901e]" name="test1" duration-ms="17" started-at="2018-12-18T07:38:47Z" finished-at="2018-12-18T07:38:47Z">
          <reporter-output>
          </reporter-output>
        </test-method> <!-- test1 -->
      </class> <!-- com.buildframework.testcases.demoTest -->
    </test> <!-- Default test -->
  </suite> <!-- Default suite -->
</testng-results>
